  Controller.cpp
C:\cppworks\Rush_Hour\Rush_Hour\consola.h(1,1): warning C4819: 현재 코드 페이지(949)에서 표시할 수 없는 문자가 파일에 들어 있습니다. 데이터가 손실되지 않게 하려면 해당 파일을 유니코드 형식으로 저장하십시오.
  (소스 파일 'Controller.cpp'을(를) 컴파일하는 중)
  
C:\cppworks\Rush_Hour\Rush_Hour\View.h(11,1): warning C4005: '_NOCURSOR': 매크로 재정의
  (소스 파일 'Controller.cpp'을(를) 컴파일하는 중)
  C:\cppworks\Rush_Hour\Rush_Hour\consola.h(19,1):
  '_NOCURSOR'의 이전 정의를 참조하십시오.
  
  Model.cpp
C:\cppworks\Rush_Hour\Rush_Hour\Controller.h(17,11): error C2248: 'View::View': private 멤버('View' 클래스에서 선언)에 액세스할 수 없습니다.
  (소스 파일 'Controller.cpp'을(를) 컴파일하는 중)
  C:\cppworks\Rush_Hour\Rush_Hour\View.h(28,2):
  'View::View' 선언을 참조하십시오.
  C:\cppworks\Rush_Hour\Rush_Hour\View.h(17,7):
  'View' 선언을 참조하십시오.
  
C:\cppworks\Rush_Hour\Rush_Hour\consola.h(1,1): warning C4819: 현재 코드 페이지(949)에서 표시할 수 없는 문자가 파일에 들어 있습니다. 데이터가 손실되지 않게 하려면 해당 파일을 유니코드 형식으로 저장하십시오.
  (소스 파일 'Model.cpp'을(를) 컴파일하는 중)
  
  Rush_Hour.cpp
C:\cppworks\Rush_Hour\Rush_Hour\consola.h(1,1): warning C4819: 현재 코드 페이지(949)에서 표시할 수 없는 문자가 파일에 들어 있습니다. 데이터가 손실되지 않게 하려면 해당 파일을 유니코드 형식으로 저장하십시오.
  (소스 파일 'Rush_Hour.cpp'을(를) 컴파일하는 중)
  
  View.cpp
C:\cppworks\Rush_Hour\Rush_Hour\consola.h(1,1): warning C4819: 현재 코드 페이지(949)에서 표시할 수 없는 문자가 파일에 들어 있습니다. 데이터가 손실되지 않게 하려면 해당 파일을 유니코드 형식으로 저장하십시오.
  (소스 파일 'View.cpp'을(를) 컴파일하는 중)
  
C:\cppworks\Rush_Hour\Rush_Hour\View.h(11,1): warning C4005: '_NOCURSOR': 매크로 재정의
  (소스 파일 'View.cpp'을(를) 컴파일하는 중)
  C:\cppworks\Rush_Hour\Rush_Hour\consola.h(19,1):
  '_NOCURSOR'의 이전 정의를 참조하십시오.
  
  코드를 생성하고 있습니다...
